[0118/160650.906:INFO:CONSOLE(4)] "MessageSend:: <<FrontEnd>> AuthenticationService.isAuthenticated() > hasToken: false", source: https://eastus-ep-modeler-prd.azureedge.net/authentication.370b06df02c311080477.js (4)
[0118/160653.398:INFO:CONSOLE(4)] "MessageSend:: <<FrontEnd>> desktop-data.service >> DesktopData.external >> ["authentication","openProxySettings","setProxySettings","openSupportLink","reloadPage","getUserEmail","executeAction","close","openLink","setWindowSize","isAlphaEnvironment","registryLogsMessages","equals","getHashCode","toString"]", source: https://eastus-ep-modeler-prd.azureedge.net/authentication.370b06df02c311080477.js (4)
[0118/160653.399:INFO:CONSOLE(4)] "MessageSend:: <<FrontEnd>> desktop-data.service >> DesktopData.replaceCurrentURLAuthenticationCalled: True", source: https://eastus-ep-modeler-prd.azureedge.net/authentication.370b06df02c311080477.js (4)
[0118/160653.399:INFO:CONSOLE(4)] "MessageSend:: <<FrontEnd>> desktop-data.service >> DesktopData.replaceCurrentURLAuthentication.pathname: /auth", source: https://eastus-ep-modeler-prd.azureedge.net/authentication.370b06df02c311080477.js (4)
[0118/160653.400:INFO:CONSOLE(4)] "MessageSend:: <<FrontEnd>> desktop-data.service >> DesktopData.replaceCurrentURLAuthentication.URLWindow.href: https://model.bizagi.com/auth?isModeler=true&lang=pt&guid=5b0817cc-dfa9-4c38-b37d-84319710a6b4&r=638411908091870902", source: https://eastus-ep-modeler-prd.azureedge.net/authentication.370b06df02c311080477.js (4)
[0118/160653.400:INFO:CONSOLE(4)] "MessageSend:: <<FrontEnd>> desktop-data.service >> DesktopData.replaceCurrentURLAuthentication() > return: False", source: https://eastus-ep-modeler-prd.azureedge.net/authentication.370b06df02c311080477.js (4)
[0118/160653.401:INFO:CONSOLE(4)] "MessageSend:: <<FrontEnd>>  AuthenticationService.replaceCurrentURLAuthenticationCalled: True", source: https://eastus-ep-modeler-prd.azureedge.net/authentication.370b06df02c311080477.js (4)
[0118/160653.401:INFO:CONSOLE(4)] "MessageSend:: <<FrontEnd>> AuthenticationService.authenticateWithOauthClient() >> tokenManagerService.getDesktopToken(): called > true", source: https://eastus-ep-modeler-prd.azureedge.net/authentication.370b06df02c311080477.js (4)
[0118/160653.402:INFO:CONSOLE(4)] "MessageSend:: <<FronEnd>> TokenManagerService.getDesktopToken::desktopData.getCredentials() >> Called: true", source: https://eastus-ep-modeler-prd.azureedge.net/authentication.370b06df02c311080477.js (4)
[0118/160653.402:INFO:CONSOLE(4)] "MessageSend:: <<FronEnd>> TokenManagerService.getDesktopToken():: Return >> "null or empty"", source: https://eastus-ep-modeler-prd.azureedge.net/authentication.370b06df02c311080477.js (4)
[0118/160653.536:INFO:CONSOLE(4)] "MessageSend:: <<FrontEnd>> AuthenticationService.authenticateWithOauthClient() >> oAuthService.initAndLogin()<Promise> : called > true", source: https://eastus-ep-modeler-prd.azureedge.net/authentication.370b06df02c311080477.js (4)
[0118/160653.537:INFO:CONSOLE(4)] "MessageSend:: <<FrontEnd>> AuthenticationService.authenticateWithOauthClient() >> oAuthService.getAccessToken() : called > true", source: https://eastus-ep-modeler-prd.azureedge.net/authentication.370b06df02c311080477.js (4)
[0118/160653.537:INFO:CONSOLE(4)] "MessageSend:: <<FrontEnd>> AuthenticationService.authenticateWithOauthClient() >> oAuthService.getAccessToken() : return > "Token null o empty"", source: https://eastus-ep-modeler-prd.azureedge.net/authentication.370b06df02c311080477.js (4)
[0118/160653.537:INFO:CONSOLE(4)] "MessageSend:: <<FrontEnd>> AuthenticationService.isAuthenticated.authenticateWithOauthClient: Called: True", source: https://eastus-ep-modeler-prd.azureedge.net/authentication.370b06df02c311080477.js (4)
[0118/160653.538:INFO:CONSOLE(4)] "MessageSend:: <<FrontEnd>> AuthenticationService.isAuthenticated() > return: True", source: https://eastus-ep-modeler-prd.azureedge.net/authentication.370b06df02c311080477.js (4)
[0118/160653.612:INFO:CONSOLE(5)] "ERROR TypeError: Cannot read property 'subscriptionType' of undefined", source: file:///C:/Program%20Files/Bizagi/Bizagi%20Modeler/ModelExplorer/model-explorer.js (5)
[0118/160658.736:INFO:CONSOLE(1)] "redirectUri ée", source: https://accounts.bizagi.com/2022_5_20__14_49_14/main.js (1)
[0118/160658.736:INFO:CONSOLE(1)] "stateRedirectUri null", source: https://accounts.bizagi.com/2022_5_20__14_49_14/main.js (1)
[0118/160658.869:INFO:CONSOLE(1)] "[object Object]", source: https://accounts.bizagi.com/2022_5_20__14_49_14/main.js (1)
[0118/160709.343:INFO:CONSOLE(1)] "redirectUri ée", source: https://accounts.bizagi.com/2022_5_20__14_49_14/main.js (1)
[0118/160709.343:INFO:CONSOLE(1)] "stateRedirectUri null", source: https://accounts.bizagi.com/2022_5_20__14_49_14/main.js (1)
[0118/160709.343:INFO:CONSOLE(1)] "[object Object]", source: https://accounts.bizagi.com/2022_5_20__14_49_14/main.js (1)
[0118/160719.866:INFO:CONSOLE(1)] "redirectUri ée", source: https://accounts.bizagi.com/2022_5_20__14_49_14/main.js (1)
[0118/160719.867:INFO:CONSOLE(1)] "stateRedirectUri null", source: https://accounts.bizagi.com/2022_5_20__14_49_14/main.js (1)
[0118/160719.867:INFO:CONSOLE(1)] "[object Object]", source: https://accounts.bizagi.com/2022_5_20__14_49_14/main.js (1)
[0118/160824.982:INFO:CONSOLE(1)] "redirectUri ée", source: https://accounts.bizagi.com/2022_5_20__14_49_14/main.js (1)
[0118/160824.982:INFO:CONSOLE(1)] "stateRedirectUri null", source: https://accounts.bizagi.com/2022_5_20__14_49_14/main.js (1)
[0118/160824.982:INFO:CONSOLE(1)] "[object Object]", source: https://accounts.bizagi.com/2022_5_20__14_49_14/main.js (1)
[0118/160856.975:INFO:CONSOLE(1)] "redirectUri ée", source: https://accounts.bizagi.com/2022_5_20__14_49_14/main.js (1)
[0118/160856.976:INFO:CONSOLE(1)] "stateRedirectUri null", source: https://accounts.bizagi.com/2022_5_20__14_49_14/main.js (1)
[0118/160856.976:INFO:CONSOLE(1)] "[object Object]", source: https://accounts.bizagi.com/2022_5_20__14_49_14/main.js (1)
[0118/160903.986:INFO:CONSOLE(1)] "Uncaught SecurityError: Failed to execute 'sendBeacon' on 'Navigator': sendBeacon() with a Blob whose type is not any of the CORS-safelisted values for the Content-Type request header is disabled temporarily. See http://crbug.com/490015 for details.", source: https://accounts.bizagi.com/2022_5_20__14_49_14/polyfills-es5.js (1)
[0118/160908.102:INFO:CONSOLE(4)] "MessageSend:: <<FrontEnd>> AuthenticationService.isAuthenticated() > hasToken: false", source: https://eastus-ep-modeler-prd.azureedge.net/authentication.370b06df02c311080477.js (4)
[0118/160910.132:INFO:CONSOLE(4)] "MessageSend:: <<FrontEnd>> desktop-data.service >> DesktopData.external >> ["authentication","openProxySettings","setProxySettings","openSupportLink","reloadPage","getUserEmail","executeAction","close","openLink","setWindowSize","isAlphaEnvironment","registryLogsMessages","equals","getHashCode","toString"]", source: https://eastus-ep-modeler-prd.azureedge.net/authentication.370b06df02c311080477.js (4)
[0118/160910.133:INFO:CONSOLE(4)] "MessageSend:: <<FrontEnd>> desktop-data.service >> DesktopData.replaceCurrentURLAuthenticationCalled: True", source: https://eastus-ep-modeler-prd.azureedge.net/authentication.370b06df02c311080477.js (4)
[0118/160910.134:INFO:CONSOLE(4)] "MessageSend:: <<FrontEnd>> desktop-data.service >> DesktopData.replaceCurrentURLAuthentication.pathname: /auth", source: https://eastus-ep-modeler-prd.azureedge.net/authentication.370b06df02c311080477.js (4)
[0118/160910.134:INFO:CONSOLE(4)] "MessageSend:: <<FrontEnd>> desktop-data.service >> DesktopData.replaceCurrentURLAuthentication.URLWindow.href: https://model.bizagi.com/auth?isModeler=true&lang=pt&guid=5b0817cc-dfa9-4c38-b37d-84319710a6b4&r=638411909467296590", source: https://eastus-ep-modeler-prd.azureedge.net/authentication.370b06df02c311080477.js (4)
[0118/160910.135:INFO:CONSOLE(4)] "MessageSend:: <<FrontEnd>> desktop-data.service >> DesktopData.replaceCurrentURLAuthentication() > return: False", source: https://eastus-ep-modeler-prd.azureedge.net/authentication.370b06df02c311080477.js (4)
[0118/160910.135:INFO:CONSOLE(4)] "MessageSend:: <<FrontEnd>>  AuthenticationService.replaceCurrentURLAuthenticationCalled: True", source: https://eastus-ep-modeler-prd.azureedge.net/authentication.370b06df02c311080477.js (4)
[0118/160910.136:INFO:CONSOLE(4)] "MessageSend:: <<FrontEnd>> AuthenticationService.authenticateWithOauthClient() >> tokenManagerService.getDesktopToken(): called > true", source: https://eastus-ep-modeler-prd.azureedge.net/authentication.370b06df02c311080477.js (4)
[0118/160910.136:INFO:CONSOLE(4)] "MessageSend:: <<FronEnd>> TokenManagerService.getDesktopToken::desktopData.getCredentials() >> Called: true", source: https://eastus-ep-modeler-prd.azureedge.net/authentication.370b06df02c311080477.js (4)
[0118/160910.137:INFO:CONSOLE(4)] "MessageSend:: <<FronEnd>> TokenManagerService.getDesktopToken():: Return >> "null or empty"", source: https://eastus-ep-modeler-prd.azureedge.net/authentication.370b06df02c311080477.js (4)
[0118/160910.275:INFO:CONSOLE(4)] "MessageSend:: <<FrontEnd>> AuthenticationService.authenticateWithOauthClient() >> oAuthService.initAndLogin()<Promise> : called > true", source: https://eastus-ep-modeler-prd.azureedge.net/authentication.370b06df02c311080477.js (4)
[0118/160910.275:INFO:CONSOLE(4)] "MessageSend:: <<FrontEnd>> AuthenticationService.authenticateWithOauthClient() >> oAuthService.getAccessToken() : called > true", source: https://eastus-ep-modeler-prd.azureedge.net/authentication.370b06df02c311080477.js (4)
[0118/160910.276:INFO:CONSOLE(4)] "MessageSend:: <<FrontEnd>> AuthenticationService.authenticateWithOauthClient() >> oAuthService.getAccessToken() : return > "Token null o empty"", source: https://eastus-ep-modeler-prd.azureedge.net/authentication.370b06df02c311080477.js (4)
[0118/160910.276:INFO:CONSOLE(4)] "MessageSend:: <<FrontEnd>> AuthenticationService.isAuthenticated.authenticateWithOauthClient: Called: True", source: https://eastus-ep-modeler-prd.azureedge.net/authentication.370b06df02c311080477.js (4)
[0118/160910.276:INFO:CONSOLE(4)] "MessageSend:: <<FrontEnd>> AuthenticationService.isAuthenticated() > return: True", source: https://eastus-ep-modeler-prd.azureedge.net/authentication.370b06df02c311080477.js (4)
[0118/160911.348:INFO:CONSOLE(1)] "redirectUri ée", source: https://accounts.bizagi.com/2022_5_20__14_49_14/main.js (1)
[0118/160911.348:INFO:CONSOLE(1)] "stateRedirectUri null", source: https://accounts.bizagi.com/2022_5_20__14_49_14/main.js (1)
[0118/160911.567:INFO:CONSOLE(1)] "[object Object]", source: https://accounts.bizagi.com/2022_5_20__14_49_14/main.js (1)
[0118/160933.886:INFO:CONSOLE(1)] "Uncaught SecurityError: Failed to execute 'sendBeacon' on 'Navigator': sendBeacon() with a Blob whose type is not any of the CORS-safelisted values for the Content-Type request header is disabled temporarily. See http://crbug.com/490015 for details.", source: https://accounts.bizagi.com/2022_5_20__14_49_14/polyfills-es5.js (1)
[0118/162602.055:INFO:CONSOLE(4)] "MessageSend:: <<FrontEnd>> AuthenticationService.isAuthenticated() > hasToken: false", source: https://eastus-ep-modeler-prd.azureedge.net/authentication.370b06df02c311080477.js (4)
[0118/162604.103:INFO:CONSOLE(4)] "MessageSend:: <<FrontEnd>> desktop-data.service >> DesktopData.external >> ["authentication","openProxySettings","setProxySettings","openSupportLink","reloadPage","getUserEmail","executeAction","close","openLink","setWindowSize","isAlphaEnvironment","registryLogsMessages","equals","getHashCode","toString"]", source: https://eastus-ep-modeler-prd.azureedge.net/authentication.370b06df02c311080477.js (4)
[0118/162604.104:INFO:CONSOLE(4)] "MessageSend:: <<FrontEnd>> desktop-data.service >> DesktopData.replaceCurrentURLAuthenticationCalled: True", source: https://eastus-ep-modeler-prd.azureedge.net/authentication.370b06df02c311080477.js (4)
[0118/162604.105:INFO:CONSOLE(4)] "MessageSend:: <<FrontEnd>> desktop-data.service >> DesktopData.replaceCurrentURLAuthentication.pathname: /auth", source: https://eastus-ep-modeler-prd.azureedge.net/authentication.370b06df02c311080477.js (4)
[0118/162604.105:INFO:CONSOLE(4)] "MessageSend:: <<FrontEnd>> desktop-data.service >> DesktopData.replaceCurrentURLAuthentication.URLWindow.href: https://model.bizagi.com/auth?isModeler=true&lang=pt&guid=5b0817cc-dfa9-4c38-b37d-84319710a6b4&r=638411919606128879", source: https://eastus-ep-modeler-prd.azureedge.net/authentication.370b06df02c311080477.js (4)
[0118/162604.106:INFO:CONSOLE(4)] "MessageSend:: <<FrontEnd>> desktop-data.service >> DesktopData.replaceCurrentURLAuthentication() > return: False", source: https://eastus-ep-modeler-prd.azureedge.net/authentication.370b06df02c311080477.js (4)
[0118/162604.106:INFO:CONSOLE(4)] "MessageSend:: <<FrontEnd>>  AuthenticationService.replaceCurrentURLAuthenticationCalled: True", source: https://eastus-ep-modeler-prd.azureedge.net/authentication.370b06df02c311080477.js (4)
[0118/162604.107:INFO:CONSOLE(4)] "MessageSend:: <<FrontEnd>> AuthenticationService.authenticateWithOauthClient() >> tokenManagerService.getDesktopToken(): called > true", source: https://eastus-ep-modeler-prd.azureedge.net/authentication.370b06df02c311080477.js (4)
[0118/162604.107:INFO:CONSOLE(4)] "MessageSend:: <<FronEnd>> TokenManagerService.getDesktopToken::desktopData.getCredentials() >> Called: true", source: https://eastus-ep-modeler-prd.azureedge.net/authentication.370b06df02c311080477.js (4)
[0118/162604.108:INFO:CONSOLE(4)] "MessageSend:: <<FronEnd>> TokenManagerService.getDesktopToken():: Return >> "null or empty"", source: https://eastus-ep-modeler-prd.azureedge.net/authentication.370b06df02c311080477.js (4)
[0118/162604.261:INFO:CONSOLE(4)] "MessageSend:: <<FrontEnd>> AuthenticationService.authenticateWithOauthClient() >> oAuthService.initAndLogin()<Promise> : called > true", source: https://eastus-ep-modeler-prd.azureedge.net/authentication.370b06df02c311080477.js (4)
[0118/162604.261:INFO:CONSOLE(4)] "MessageSend:: <<FrontEnd>> AuthenticationService.authenticateWithOauthClient() >> oAuthService.getAccessToken() : called > true", source: https://eastus-ep-modeler-prd.azureedge.net/authentication.370b06df02c311080477.js (4)
[0118/162604.262:INFO:CONSOLE(4)] "MessageSend:: <<FrontEnd>> AuthenticationService.authenticateWithOauthClient() >> oAuthService.getAccessToken() : return > "Token null o empty"", source: https://eastus-ep-modeler-prd.azureedge.net/authentication.370b06df02c311080477.js (4)
[0118/162604.262:INFO:CONSOLE(4)] "MessageSend:: <<FrontEnd>> AuthenticationService.isAuthenticated.authenticateWithOauthClient: Called: True", source: https://eastus-ep-modeler-prd.azureedge.net/authentication.370b06df02c311080477.js (4)
[0118/162604.262:INFO:CONSOLE(4)] "MessageSend:: <<FrontEnd>> AuthenticationService.isAuthenticated() > return: True", source: https://eastus-ep-modeler-prd.azureedge.net/authentication.370b06df02c311080477.js (4)
[0118/162604.927:INFO:CONSOLE(5)] "ERROR TypeError: Cannot read property 'subscriptionType' of undefined", source: file:///C:/Program%20Files/Bizagi/Bizagi%20Modeler/ModelExplorer/model-explorer.js (5)
[0118/162607.042:INFO:CONSOLE(1)] "redirectUri ée", source: https://accounts.bizagi.com/2022_5_20__14_49_14/main.js (1)
[0118/162607.042:INFO:CONSOLE(1)] "stateRedirectUri null", source: https://accounts.bizagi.com/2022_5_20__14_49_14/main.js (1)
[0118/162607.174:INFO:CONSOLE(1)] "[object Object]", source: https://accounts.bizagi.com/2022_5_20__14_49_14/main.js (1)
[0118/163508.702:INFO:CONSOLE(4)] "MessageSend:: <<FrontEnd>> AuthenticationService.isAuthenticated() > hasToken: false", source: https://eastus-ep-modeler-prd.azureedge.net/authentication.370b06df02c311080477.js (4)
[0118/163510.727:INFO:CONSOLE(4)] "MessageSend:: <<FrontEnd>> desktop-data.service >> DesktopData.external >> ["authentication","openProxySettings","setProxySettings","openSupportLink","reloadPage","getUserEmail","executeAction","close","openLink","setWindowSize","isAlphaEnvironment","registryLogsMessages","equals","getHashCode","toString"]", source: https://eastus-ep-modeler-prd.azureedge.net/authentication.370b06df02c311080477.js (4)
[0118/163510.728:INFO:CONSOLE(4)] "MessageSend:: <<FrontEnd>> desktop-data.service >> DesktopData.replaceCurrentURLAuthenticationCalled: True", source: https://eastus-ep-modeler-prd.azureedge.net/authentication.370b06df02c311080477.js (4)
[0118/163510.728:INFO:CONSOLE(4)] "MessageSend:: <<FrontEnd>> desktop-data.service >> DesktopData.replaceCurrentURLAuthentication.pathname: /auth", source: https://eastus-ep-modeler-prd.azureedge.net/authentication.370b06df02c311080477.js (4)
[0118/163510.729:INFO:CONSOLE(4)] "MessageSend:: <<FrontEnd>> desktop-data.service >> DesktopData.replaceCurrentURLAuthentication.URLWindow.href: https://model.bizagi.com/auth?isModeler=true&lang=pt&guid=5b0817cc-dfa9-4c38-b37d-84319710a6b4&r=638411925068888890", source: https://eastus-ep-modeler-prd.azureedge.net/authentication.370b06df02c311080477.js (4)
[0118/163510.729:INFO:CONSOLE(4)] "MessageSend:: <<FrontEnd>> desktop-data.service >> DesktopData.replaceCurrentURLAuthentication() > return: False", source: https://eastus-ep-modeler-prd.azureedge.net/authentication.370b06df02c311080477.js (4)
[0118/163510.730:INFO:CONSOLE(4)] "MessageSend:: <<FrontEnd>>  AuthenticationService.replaceCurrentURLAuthenticationCalled: True", source: https://eastus-ep-modeler-prd.azureedge.net/authentication.370b06df02c311080477.js (4)
[0118/163510.731:INFO:CONSOLE(4)] "MessageSend:: <<FrontEnd>> AuthenticationService.authenticateWithOauthClient() >> tokenManagerService.getDesktopToken(): called > true", source: https://eastus-ep-modeler-prd.azureedge.net/authentication.370b06df02c311080477.js (4)
[0118/163510.731:INFO:CONSOLE(4)] "MessageSend:: <<FronEnd>> TokenManagerService.getDesktopToken::desktopData.getCredentials() >> Called: true", source: https://eastus-ep-modeler-prd.azureedge.net/authentication.370b06df02c311080477.js (4)
[0118/163510.732:INFO:CONSOLE(4)] "MessageSend:: <<FronEnd>> TokenManagerService.getDesktopToken():: Return >> "null or empty"", source: https://eastus-ep-modeler-prd.azureedge.net/authentication.370b06df02c311080477.js (4)
[0118/163510.869:INFO:CONSOLE(4)] "MessageSend:: <<FrontEnd>> AuthenticationService.authenticateWithOauthClient() >> oAuthService.initAndLogin()<Promise> : called > true", source: https://eastus-ep-modeler-prd.azureedge.net/authentication.370b06df02c311080477.js (4)
[0118/163510.869:INFO:CONSOLE(4)] "MessageSend:: <<FrontEnd>> AuthenticationService.authenticateWithOauthClient() >> oAuthService.getAccessToken() : called > true", source: https://eastus-ep-modeler-prd.azureedge.net/authentication.370b06df02c311080477.js (4)
[0118/163510.870:INFO:CONSOLE(4)] "MessageSend:: <<FrontEnd>> AuthenticationService.authenticateWithOauthClient() >> oAuthService.getAccessToken() : return > "Token null o empty"", source: https://eastus-ep-modeler-prd.azureedge.net/authentication.370b06df02c311080477.js (4)
[0118/163510.870:INFO:CONSOLE(4)] "MessageSend:: <<FrontEnd>> AuthenticationService.isAuthenticated.authenticateWithOauthClient: Called: True", source: https://eastus-ep-modeler-prd.azureedge.net/authentication.370b06df02c311080477.js (4)
[0118/163510.870:INFO:CONSOLE(4)] "MessageSend:: <<FrontEnd>> AuthenticationService.isAuthenticated() > return: True", source: https://eastus-ep-modeler-prd.azureedge.net/authentication.370b06df02c311080477.js (4)
[0118/163510.990:INFO:CONSOLE(5)] "ERROR TypeError: Cannot read property 'subscriptionType' of undefined", source: file:///C:/Program%20Files/Bizagi/Bizagi%20Modeler/ModelExplorer/model-explorer.js (5)
[0118/163513.547:INFO:CONSOLE(1)] "redirectUri ée", source: https://accounts.bizagi.com/2022_5_20__14_49_14/main.js (1)
[0118/163513.548:INFO:CONSOLE(1)] "stateRedirectUri null", source: https://accounts.bizagi.com/2022_5_20__14_49_14/main.js (1)
[0118/163514.325:INFO:CONSOLE(5)] "ERROR TypeError: Cannot read property '__zone_symbol__addEventListener' of undefined", source: file:///C:/Program%20Files/Bizagi/Bizagi%20Modeler/Offline/offline.js (5)
[0118/163534.344:INFO:CONSOLE(4)] "MessageSend:: <<FrontEnd>> AuthenticationService.isAuthenticated() > hasToken: false", source: https://eastus-ep-modeler-prd.azureedge.net/authentication.370b06df02c311080477.js (4)
[0118/163536.377:INFO:CONSOLE(4)] "MessageSend:: <<FrontEnd>> desktop-data.service >> DesktopData.external >> ["authentication","openProxySettings","setProxySettings","openSupportLink","reloadPage","getUserEmail","executeAction","close","openLink","setWindowSize","isAlphaEnvironment","registryLogsMessages","equals","getHashCode","toString"]", source: https://eastus-ep-modeler-prd.azureedge.net/authentication.370b06df02c311080477.js (4)
[0118/163536.378:INFO:CONSOLE(4)] "MessageSend:: <<FrontEnd>> desktop-data.service >> DesktopData.replaceCurrentURLAuthenticationCalled: True", source: https://eastus-ep-modeler-prd.azureedge.net/authentication.370b06df02c311080477.js (4)
[0118/163536.379:INFO:CONSOLE(4)] "MessageSend:: <<FrontEnd>> desktop-data.service >> DesktopData.replaceCurrentURLAuthentication.pathname: /auth", source: https://eastus-ep-modeler-prd.azureedge.net/authentication.370b06df02c311080477.js (4)
[0118/163536.379:INFO:CONSOLE(4)] "MessageSend:: <<FrontEnd>> desktop-data.service >> DesktopData.replaceCurrentURLAuthentication.URLWindow.href: https://model.bizagi.com/auth?isModeler=true&lang=pt&guid=5b0817cc-dfa9-4c38-b37d-84319710a6b4&r=638411925068888890", source: https://eastus-ep-modeler-prd.azureedge.net/authentication.370b06df02c311080477.js (4)
[0118/163536.380:INFO:CONSOLE(4)] "MessageSend:: <<FrontEnd>> desktop-data.service >> DesktopData.replaceCurrentURLAuthentication() > return: False", source: https://eastus-ep-modeler-prd.azureedge.net/authentication.370b06df02c311080477.js (4)
[0118/163536.380:INFO:CONSOLE(4)] "MessageSend:: <<FrontEnd>>  AuthenticationService.replaceCurrentURLAuthenticationCalled: True", source: https://eastus-ep-modeler-prd.azureedge.net/authentication.370b06df02c311080477.js (4)
[0118/163536.381:INFO:CONSOLE(4)] "MessageSend:: <<FrontEnd>> AuthenticationService.authenticateWithOauthClient() >> tokenManagerService.getDesktopToken(): called > true", source: https://eastus-ep-modeler-prd.azureedge.net/authentication.370b06df02c311080477.js (4)
[0118/163536.381:INFO:CONSOLE(4)] "MessageSend:: <<FronEnd>> TokenManagerService.getDesktopToken::desktopData.getCredentials() >> Called: true", source: https://eastus-ep-modeler-prd.azureedge.net/authentication.370b06df02c311080477.js (4)
[0118/163536.382:INFO:CONSOLE(4)] "MessageSend:: <<FronEnd>> TokenManagerService.getDesktopToken():: Return >> "null or empty"", source: https://eastus-ep-modeler-prd.azureedge.net/authentication.370b06df02c311080477.js (4)
[0118/163536.522:INFO:CONSOLE(4)] "MessageSend:: <<FrontEnd>> AuthenticationService.authenticateWithOauthClient() >> oAuthService.initAndLogin()<Promise> : called > true", source: https://eastus-ep-modeler-prd.azureedge.net/authentication.370b06df02c311080477.js (4)
[0118/163536.522:INFO:CONSOLE(4)] "MessageSend:: <<FrontEnd>> AuthenticationService.authenticateWithOauthClient() >> oAuthService.getAccessToken() : called > true", source: https://eastus-ep-modeler-prd.azureedge.net/authentication.370b06df02c311080477.js (4)
[0118/163536.523:INFO:CONSOLE(4)] "MessageSend:: <<FrontEnd>> AuthenticationService.authenticateWithOauthClient() >> oAuthService.getAccessToken() : return > "Token null o empty"", source: https://eastus-ep-modeler-prd.azureedge.net/authentication.370b06df02c311080477.js (4)
[0118/163536.523:INFO:CONSOLE(4)] "MessageSend:: <<FrontEnd>> AuthenticationService.isAuthenticated.authenticateWithOauthClient: Called: True", source: https://eastus-ep-modeler-prd.azureedge.net/authentication.370b06df02c311080477.js (4)
[0118/163536.523:INFO:CONSOLE(4)] "MessageSend:: <<FrontEnd>> AuthenticationService.isAuthenticated() > return: True", source: https://eastus-ep-modeler-prd.azureedge.net/authentication.370b06df02c311080477.js (4)
[0118/163537.534:INFO:CONSOLE(1)] "redirectUri ée", source: https://accounts.bizagi.com/2022_5_20__14_49_14/main.js (1)
[0118/163537.534:INFO:CONSOLE(1)] "stateRedirectUri null", source: https://accounts.bizagi.com/2022_5_20__14_49_14/main.js (1)
[0118/163537.763:INFO:CONSOLE(1)] "[object Object]", source: https://accounts.bizagi.com/2022_5_20__14_49_14/main.js (1)
[0118/163608.743:INFO:CONSOLE(1)] "Uncaught SecurityError: Failed to execute 'sendBeacon' on 'Navigator': sendBeacon() with a Blob whose type is not any of the CORS-safelisted values for the Content-Type request header is disabled temporarily. See http://crbug.com/490015 for details.", source: https://accounts.bizagi.com/2022_5_20__14_49_14/polyfills-es5.js (1)
[0118/163611.340:INFO:CONSOLE(0)] "A cookie associated with a resource at http://model.bizagi.com/ was set with `SameSite=None` but without `Secure`. A future release of Chrome will only deliver cookies marked `SameSite=None` if they are also marked `Secure`. You can review cookies in developer tools under Application>Storage>Cookies and see more details at https://www.chromestatus.com/feature/5633521622188032.", source: https://model.bizagi.com//sync/NTcwNTMxZWU1ODQwNGZiODgzN2ZlMGUyMTMwZGRjOWE6Y2RzZTI2MEBnbWFpbC5jb21fZm9yYWxsZG9tYWlucw%3d%3d?state=aHR0cHM6Ly9tb2RlbC5iaXphZ2kuY29tL2F1dGg/aXNNb2RlbGVyPXRydWUmbGFuZz1wdCZndWlkPTViMDgxN2NjLWRmYTktNGMzOC1iMzdkLTg0MzE5NzEwYTZiNCZyPTYzODQxMTkyNTA2ODg4ODg5MA== (0)
[0118/163612.007:INFO:CONSOLE(1)] "ERROR Error: Uncaught (in promise): [object Undefined]", source: https://eastus-ep-modeler-prd.azureedge.net/modeler-website.370b06df02c311080477.js (1)
[0118/163612.432:INFO:CONSOLE(0)] "A cookie associated with a resource at http://model.bizagi.com/ was set with `SameSite=None` but without `Secure`. A future release of Chrome will only deliver cookies marked `SameSite=None` if they are also marked `Secure`. You can review cookies in developer tools under Application>Storage>Cookies and see more details at https://www.chromestatus.com/feature/5633521622188032.", source: https://model.bizagi.com/auth?isModeler=true&lang=pt&guid=5b0817cc-dfa9-4c38-b37d-84319710a6b4&r=638411925068888890 (0)
[0118/163612.556:INFO:CONSOLE(4)] "MessageSend:: <<FrontEnd>> AuthenticationService.isAuthenticated() > hasToken: true", source: https://eastus-ep-modeler-prd.azureedge.net/authentication.370b06df02c311080477.js (4)
[0118/163612.556:INFO:CONSOLE(4)] "MessageSend:: <<FrontEnd>> AuthenticationService.isAuthenticated() > tokenManagerService.setTokenInDesktopCalled: True", source: https://eastus-ep-modeler-prd.azureedge.net/authentication.370b06df02c311080477.js (4)
[0118/163612.557:INFO:CONSOLE(4)] "MessageSend:: <<FronEnd>> TokenManagerService.setTokenInDesktop() > desktopData.authentication() >> Called: true", source: https://eastus-ep-modeler-prd.azureedge.net/authentication.370b06df02c311080477.js (4)
